
Showing logs for build [32mchew-org-nodejs-app-03-master-w2tbl-1[0m stage [32mfrom-build-pack[0m and container [32mcredential-initializer[0m
{"level":"info","ts":1604544176.3633966,"caller":"creds-init/main.go:44","msg":"Credentials initialized."}

Showing logs for build [32mchew-org-nodejs-app-03-master-w2tbl-1[0m stage [32mfrom-build-pack[0m and container [32mworking-dir-initializer[0m

Showing logs for build [32mchew-org-nodejs-app-03-master-w2tbl-1[0m stage [32mfrom-build-pack[0m and container [32mplace-tools[0m

Showing logs for build [32mchew-org-nodejs-app-03-master-w2tbl-1[0m stage [32mfrom-build-pack[0m and container [32mstep-git-source-chew-org-nodejs-app-03-master-w2tbl-twr9x[0m
{"level":"info","ts":1604544231.5907657,"caller":"git/git.go:105","msg":"Successfully cloned https://github.com/chew-org/nodejs-app-03.git @ v0.0.3 in path /workspace/source"}
{"level":"warn","ts":1604544231.5908635,"caller":"git/git.go:152","msg":"Unexpected error: creating symlink: symlink /tekton/home/.ssh /root/.ssh: file exists"}
{"level":"info","ts":1604544231.6295488,"caller":"git/git.go:133","msg":"Successfully initialized and updated submodules in path /workspace/source"}

Showing logs for build [32mchew-org-nodejs-app-03-master-w2tbl-1[0m stage [32mfrom-build-pack[0m and container [32mstep-setup-builder-home[0m

Showing logs for build [32mchew-org-nodejs-app-03-master-w2tbl-1[0m stage [32mfrom-build-pack[0m and container [32mstep-git-merge[0m
Using SHAs from PULL_REFS=master:
WARNING: no SHAs to merge, falling back to initial cloned commit

Showing logs for build [32mchew-org-nodejs-app-03-master-w2tbl-1[0m stage [32mfrom-build-pack[0m and container [32mstep-setup-jx-git-credentials[0m
Generated Git credentials file /workspace/xdg_config/git/credentials

Showing logs for build [32mchew-org-nodejs-app-03-master-w2tbl-1[0m stage [32mfrom-build-pack[0m and container [32mstep-build-npmrc[0m
WARNING: failed to find Secret npm-token in namespace **

Showing logs for build [32mchew-org-nodejs-app-03-master-w2tbl-1[0m stage [32mfrom-build-pack[0m and container [32mstep-build-npm-install[0m
npm notice created a lockfile as package-lock.json. You should commit this file.
up to date in 0.496s
found 0 vulnerabilities


Showing logs for build [32mchew-org-nodejs-app-03-master-w2tbl-1[0m stage [32mfrom-build-pack[0m and container [32mstep-build-npm-test[0m

> nodejs-app-03@1.0.0 test /workspace/source
> echo "Error: no test specified" && exit 1

Error: no test specified
npm ERR! Test failed.  See above for more details.
[31m
Pipeline failed on stage 'from-build-pack' : container 'step-build-npm-test'. The execution of the pipeline has stopped.[0m
