
Showing logs for build [32mchew-org-nodejs-app-03-master-r-qgzmf-2[0m stage [32mfrom-build-pack[0m and container [32mcredential-initializer[0m
{"level":"info","ts":1604544438.4322774,"caller":"creds-init/main.go:44","msg":"Credentials initialized."}

Showing logs for build [32mchew-org-nodejs-app-03-master-r-qgzmf-2[0m stage [32mfrom-build-pack[0m and container [32mworking-dir-initializer[0m

Showing logs for build [32mchew-org-nodejs-app-03-master-r-qgzmf-2[0m stage [32mfrom-build-pack[0m and container [32mplace-tools[0m

Showing logs for build [32mchew-org-nodejs-app-03-master-r-qgzmf-2[0m stage [32mfrom-build-pack[0m and container [32mstep-git-source-chew-org-nodejs-app-03-master-r-qgzmf-tvqh5[0m
{"level":"info","ts":1604544474.3934767,"caller":"git/git.go:105","msg":"Successfully cloned https://github.com/chew-org/nodejs-app-03.git @ v0.0.4 in path /workspace/source"}
{"level":"warn","ts":1604544474.39359,"caller":"git/git.go:152","msg":"Unexpected error: creating symlink: symlink /tekton/home/.ssh /root/.ssh: file exists"}
{"level":"info","ts":1604544474.435717,"caller":"git/git.go:133","msg":"Successfully initialized and updated submodules in path /workspace/source"}

Showing logs for build [32mchew-org-nodejs-app-03-master-r-qgzmf-2[0m stage [32mfrom-build-pack[0m and container [32mstep-setup-builder-home[0m

Showing logs for build [32mchew-org-nodejs-app-03-master-r-qgzmf-2[0m stage [32mfrom-build-pack[0m and container [32mstep-git-merge[0m
Using SHAs from PULL_REFS=master:d2a728181008992b6976c7b12d2a27963c678e4f
WARNING: no SHAs to merge, falling back to initial cloned commit

Showing logs for build [32mchew-org-nodejs-app-03-master-r-qgzmf-2[0m stage [32mfrom-build-pack[0m and container [32mstep-setup-jx-git-credentials[0m
Generated Git credentials file /workspace/xdg_config/git/credentials

Showing logs for build [32mchew-org-nodejs-app-03-master-r-qgzmf-2[0m stage [32mfrom-build-pack[0m and container [32mstep-build-npmrc[0m
WARNING: failed to find Secret npm-token in namespace **

Showing logs for build [32mchew-org-nodejs-app-03-master-r-qgzmf-2[0m stage [32mfrom-build-pack[0m and container [32mstep-build-npm-install[0m
npm notice created a lockfile as package-lock.json. You should commit this file.
up to date in 1.09s
found 0 vulnerabilities


Showing logs for build [32mchew-org-nodejs-app-03-master-r-qgzmf-2[0m stage [32mfrom-build-pack[0m and container [32mstep-build-npm-test[0m

> nodejs-app-03@1.0.0 test /workspace/source
> mocha

sh: mocha: command not found
npm ERR! Test failed.  See above for more details.
[31m
Pipeline failed on stage 'from-build-pack' : container 'step-build-npm-test'. The execution of the pipeline has stopped.[0m
